CS240: lab6. cs240 Tue Mar 31 00:09:52 EDT 2015  Total:  0 of 12

CS240: lab6. cs240 Tue Mar 31 00:10:08 EDT 2015  Total:  12 of 12

CS240: lab6. cs240 Tue Mar 31 00:11:07 EDT 2015  Total:  0 of 12

CS240: lab6. cs240 Tue Mar 31 00:11:39 EDT 2015  Total:  0 of 12

CS240: lab6. cs240 Tue Mar 31 00:13:58 EDT 2015  Total:  0 of 12

CS240: lab6. yshiroya Wed Apr 1 15:41:21 EDT 2015  Total:  0 of 12

CS240: lab6. yshiroya Thu Apr 2 11:56:28 EDT 2015  Total:  0 of 12

CS240: lab6. yshiroya Thu Apr 2 11:57:46 EDT 2015  Total:  0 of 12

CS240: lab6. yshiroya Thu Apr 2 12:02:48 EDT 2015  Total:  0 of 12

CS240: lab6. yshiroya Thu Apr 2 12:06:32 EDT 2015  Total:  2 of 12

CS240: lab6. yshiroya Thu Apr 2 12:17:45 EDT 2015  Total:  2 of 12

CS240: lab6. yshiroya Thu Apr 2 12:24:43 EDT 2015  Total:  2 of 12

CS240: lab6. yshiroya Thu Apr 2 12:28:52 EDT 2015  Total:  2 of 12

CS240: lab6. yshiroya Tue Apr 7 02:54:30 EDT 2015  Total:  4 of 12

CS240: lab6. yshiroya Tue Apr 7 02:56:05 EDT 2015  Total:  4 of 12

CS240: lab6. yshiroya Tue Apr 7 02:56:49 EDT 2015  Total:  0 of 12

CS240: lab6. yshiroya Tue Apr 7 20:51:07 EDT 2015  Total:  8 of 12

CS240: lab6. yshiroya Thu Apr 9 00:30:25 EDT 2015  Total:  8 of 12

CS240: lab6. yshiroya Thu Apr 9 00:47:30 EDT 2015  Total:  8 of 12

CS240: lab6. yshiroya Thu Apr 9 01:02:13 EDT 2015  Total:  8 of 12

CS240: lab6. yshiroya Thu Apr 9 01:07:21 EDT 2015  Total:  8 of 12

CS240: lab6. yshiroya Thu Apr 9 01:58:11 EDT 2015  Total:  8 of 12

CS240: lab6. yshiroya Thu Apr 9 02:03:56 EDT 2015  Total:  8 of 12

CS240: lab6. yshiroya Thu Apr 9 12:28:01 EDT 2015  Total:  8 of 12

CS240: lab6. yshiroya Thu Apr 9 12:29:36 EDT 2015  Total:  8 of 12

CS240: lab6. yshiroya Thu Apr 9 15:11:59 EDT 2015  Total:  8 of 12

CS240: lab6. yshiroya Thu Apr 9 15:31:56 EDT 2015  Total:  8 of 12

CS240: lab6. yshiroya Thu Apr 9 18:05:15 EDT 2015  Total:  8 of 12

CS240: lab6. yshiroya Thu Apr 9 18:06:44 EDT 2015  Total:  8 of 12

CS240: lab6. yshiroya Thu Apr 9 18:24:07 EDT 2015  Total:  8 of 12

CS240: lab6. yshiroya Thu Apr 9 19:05:23 EDT 2015  Total:  8 of 12

CS240: lab6. yshiroya Thu Apr 9 19:06:45 EDT 2015  Total:  8 of 12

CS240: lab6. yshiroya Thu Apr 9 19:16:49 EDT 2015  Total:  8 of 12

CS240: lab6. yshiroya Thu Apr 9 19:17:31 EDT 2015  Total:  8 of 12

CS240: lab6. yshiroya Thu Apr 9 19:18:04 EDT 2015  Total:  10 of 12

CS240: lab6. yshiroya Thu Apr 9 19:18:37 EDT 2015  Total:  12 of 12

CS240: lab6. yshiroya Fri Apr 10 01:16:36 EDT 2015  Total:  12 of 12

CS240: lab6. yshiroya Fri Apr 10 23:57:12 EDT 2015  Total:  12 of 12

CS240: lab6. yshiroya Fri Apr 10 23:57:44 EDT 2015  Total:  12 of 12

