[master (root-commit) 195006e] otal of otalmax
 Committer: CS24000 Account <cs240@data.cs.purdue.edu>
Your name and email address were configured automatically based
on your username and hostname. Please check that they are accurate.
You can suppress this message by setting them explicitly:

    git config --global user.name "Your Name"
    git config --global user.email you@example.com

After doing this, you may fix the identity used for this commit with:

    git commit --amend --reset-author

 11 files changed, 811 insertions(+)
 create mode 100644 .local.git.out
 create mode 100644 HashTableVoid.cc
 create mode 100644 HashTableVoid.h
 create mode 100755 HashTableVoidTest
 create mode 100644 HashTableVoidTest.cc
 create mode 100755 IRCServer
 create mode 100644 IRCServer.cc
 create mode 100644 IRCServer.h
 create mode 100755 Makefile
 create mode 100755 talk-server
 create mode 100755 testall
[master 31a87fe] 0 of 12
 Committer: CS24000 Account <cs240@data.cs.purdue.edu>
Your name and email address were configured automatically based
on your username and hostname. Please check that they are accurate.
You can suppress this message by setting them explicitly:

    git config --global user.name "Your Name"
    git config --global user.email you@example.com

After doing this, you may fix the identity used for this commit with:

    git commit --amend --reset-author

 5 files changed, 35 insertions(+)
 create mode 100644 .local.total.out
 create mode 100644 diff.out
 create mode 100644 total.out
 create mode 100644 total.txt
[master 3f7cda3] otal of otalmax
 Committer: CS24000 Account <cs240@data.cs.purdue.edu>
Your name and email address were configured automatically based
on your username and hostname. Please check that they are accurate.
You can suppress this message by setting them explicitly:

    git config --global user.name "Your Name"
    git config --global user.email you@example.com

After doing this, you may fix the identity used for this commit with:

    git commit --amend --reset-author

 3 files changed, 18 insertions(+), 2 deletions(-)
 rename diff.out => none (100%)
 delete mode 100644 total.out
[master d546088] 12 of 12
 Committer: CS24000 Account <cs240@data.cs.purdue.edu>
Your name and email address were configured automatically based
on your username and hostname. Please check that they are accurate.
You can suppress this message by setting them explicitly:

    git config --global user.name "Your Name"
    git config --global user.email you@example.com

After doing this, you may fix the identity used for this commit with:

    git commit --amend --reset-author

 7 files changed, 26 insertions(+), 6 deletions(-)
 create mode 100644 diff.out
 create mode 100644 prog.org.out
 create mode 100644 prog.out
 create mode 100644 total.out
[master 0c99a0a] otal of otalmax
 Committer: CS24000 Account <cs240@data.cs.purdue.edu>
Your name and email address were configured automatically based
on your username and hostname. Please check that they are accurate.
You can suppress this message by setting them explicitly:

    git config --global user.name "Your Name"
    git config --global user.email you@example.com

After doing this, you may fix the identity used for this commit with:

    git commit --amend --reset-author

 6 files changed, 18 insertions(+), 2 deletions(-)
 create mode 100755 HashTableVoidTest.org
 delete mode 100644 diff.out
 delete mode 100644 prog.org.out
 delete mode 100644 prog.out
 delete mode 100644 total.out
[master e4c08cd] 0 of 12
 Committer: CS24000 Account <cs240@data.cs.purdue.edu>
Your name and email address were configured automatically based
on your username and hostname. Please check that they are accurate.
You can suppress this message by setting them explicitly:

    git config --global user.name "Your Name"
    git config --global user.email you@example.com

After doing this, you may fix the identity used for this commit with:

    git commit --amend --reset-author

 7 files changed, 32 insertions(+), 6 deletions(-)
 create mode 100644 diff.out
 create mode 100644 prog.org.out
 create mode 100644 prog.out
 create mode 100644 total.out
[master e7d364c] otal of otalmax
 Committer: CS24000 Account <cs240@data.cs.purdue.edu>
Your name and email address were configured automatically based
on your username and hostname. Please check that they are accurate.
You can suppress this message by setting them explicitly:

    git config --global user.name "Your Name"
    git config --global user.email you@example.com

After doing this, you may fix the identity used for this commit with:

    git commit --amend --reset-author

 5 files changed, 18 insertions(+), 5 deletions(-)
 delete mode 100644 diff.out
 delete mode 100644 prog.org.out
 delete mode 100644 prog.out
 delete mode 100644 total.out
[master a203c20] 0 of 12
 Committer: CS24000 Account <cs240@data.cs.purdue.edu>
Your name and email address were configured automatically based
on your username and hostname. Please check that they are accurate.
You can suppress this message by setting them explicitly:

    git config --global user.name "Your Name"
    git config --global user.email you@example.com

After doing this, you may fix the identity used for this commit with:

    git commit --amend --reset-author

 6 files changed, 25 insertions(+)
 create mode 100644 diff.out
 create mode 100644 prog.org.out
 create mode 100644 prog.out
 create mode 100644 total.out
[master ce9b998] otal of otalmax
 Committer: CS24000 Account <cs240@data.cs.purdue.edu>
Your name and email address were configured automatically based
on your username and hostname. Please check that they are accurate.
You can suppress this message by setting them explicitly:

    git config --global user.name "Your Name"
    git config --global user.email you@example.com

After doing this, you may fix the identity used for this commit with:

    git commit --amend --reset-author

 5 files changed, 18 insertions(+), 5 deletions(-)
 delete mode 100644 diff.out
 delete mode 100644 prog.org.out
 delete mode 100644 prog.out
 delete mode 100644 total.out
[master 504054b] 0 of 12
 Committer: CS24000 Account <cs240@data.cs.purdue.edu>
Your name and email address were configured automatically based
on your username and hostname. Please check that they are accurate.
You can suppress this message by setting them explicitly:

    git config --global user.name "Your Name"
    git config --global user.email you@example.com

After doing this, you may fix the identity used for this commit with:

    git commit --amend --reset-author

 6 files changed, 25 insertions(+)
 create mode 100644 diff.out
 create mode 100644 prog.org.out
 create mode 100644 prog.out
 create mode 100644 total.out
[master 7cf6ae6] Make IRCServer
 8 files changed, 19 insertions(+), 6 deletions(-)
 delete mode 100644 diff.out
 delete mode 100644 prog.org.out
 delete mode 100644 prog.out
 delete mode 100644 total.out
[master a87b972] 0 of 12
 6 files changed, 13 insertions(+)
 create mode 100644 diff.out
 create mode 100644 prog.org.out
 create mode 100644 prog.out
 create mode 100644 total.out
[master 0a4ad60] Make IRCServer
 6 files changed, 28 insertions(+), 19 deletions(-)
 rewrite HashTableVoidTest (60%)
 create mode 100644 IRCServer.c
[master bd9d7b5] Make IRCServer
 5 files changed, 4 insertions(+), 5 deletions(-)
 delete mode 100644 diff.out
 delete mode 100644 prog.org.out
 delete mode 100644 prog.out
 delete mode 100644 total.out
[master ff5cf76] 0 of 12
 6 files changed, 13 insertions(+)
 create mode 100644 diff.out
 create mode 100644 prog.org.out
 create mode 100644 prog.out
 create mode 100644 total.out
[master 3ee5007] Make IRCServer
 6 files changed, 7 insertions(+), 6 deletions(-)
 rename prog.out => HashTableVoidTest.c (100%)
 delete mode 100644 diff.out
 delete mode 100644 prog.org.out
 delete mode 100644 total.out
[master f13f7cf] 0 of 12
 6 files changed, 13 insertions(+)
 create mode 100644 diff.out
 create mode 100644 prog.org.out
 create mode 100644 prog.out
 create mode 100644 total.out
[master dc4c784] Make IRCServer
 7 files changed, 10 insertions(+), 6 deletions(-)
 rewrite HashTableVoidTest (73%)
 delete mode 100644 diff.out
 delete mode 100644 prog.org.out
 delete mode 100644 prog.out
 delete mode 100644 total.out
[master 39de2ac] 0 of 12
 6 files changed, 14 insertions(+)
 create mode 100644 diff.out
 create mode 100644 prog.org.out
 create mode 100644 prog.out
 create mode 100644 total.out
[master 20eb7d6] Make IRCServer
 7 files changed, 26 insertions(+), 5 deletions(-)
 rewrite HashTableVoidTest (75%)
 delete mode 100644 diff.out
 delete mode 100644 prog.org.out
 delete mode 100644 prog.out
 delete mode 100644 total.out
[master 1c00315] 2 of 12
 7 files changed, 15 insertions(+), 1 deletion(-)
 create mode 100644 diff.out
 create mode 100644 prog.org.out
 create mode 100644 prog.out
 create mode 100644 total.out
[master cfc2af6] Make IRCServer
 3 files changed, 9 insertions(+)
[master a3fe4d6] Make IRCServer
 5 files changed, 2 insertions(+), 5 deletions(-)
 delete mode 100644 diff.out
 delete mode 100644 prog.org.out
 delete mode 100644 prog.out
 delete mode 100644 total.out
[master a4f9b0c] 2 of 12
 6 files changed, 13 insertions(+)
 create mode 100644 diff.out
 create mode 100644 prog.org.out
 create mode 100644 prog.out
 create mode 100644 total.out
[master 0ab4d16] Make IRCServer
 7 files changed, 15 insertions(+), 7 deletions(-)
 delete mode 100644 diff.out
 delete mode 100644 prog.org.out
 delete mode 100644 prog.out
 delete mode 100644 total.out
[master 87b020d] 2 of 12
 6 files changed, 13 insertions(+)
 create mode 100644 diff.out
 create mode 100644 prog.org.out
 create mode 100644 prog.out
 create mode 100644 total.out
[master cf47abf] Make IRCServer
 7 files changed, 7 insertions(+), 6 deletions(-)
 delete mode 100644 diff.out
 delete mode 100644 prog.org.out
 delete mode 100644 prog.out
 delete mode 100644 total.out
[master c16ac5b] 2 of 12
 6 files changed, 13 insertions(+)
 create mode 100644 diff.out
 create mode 100644 prog.org.out
 create mode 100644 prog.out
 create mode 100644 total.out
[master 6d7c484] Make IRCServer
 7 files changed, 8 insertions(+), 7 deletions(-)
 delete mode 100644 diff.out
 delete mode 100644 prog.org.out
 delete mode 100644 prog.out
 delete mode 100644 total.out
[master f8adfd0] 4 of 12
 7 files changed, 14 insertions(+), 1 deletion(-)
 create mode 100644 diff.out
 create mode 100644 prog.org.out
 create mode 100644 prog.out
 create mode 100644 total.out
[master 8b95a48] Make IRCServer
 6 files changed, 7 insertions(+), 6 deletions(-)
 delete mode 100644 diff.out
 delete mode 100644 prog.org.out
 delete mode 100644 prog.out
 delete mode 100644 total.out
[master 63e7ebb] 4 of 12
 6 files changed, 13 insertions(+)
 create mode 100644 diff.out
 create mode 100644 prog.org.out
 create mode 100644 prog.out
 create mode 100644 total.out
[master eae974b] Make IRCServer
 7 files changed, 8 insertions(+), 7 deletions(-)
 rewrite HashTableVoidTest (74%)
 delete mode 100644 diff.out
 delete mode 100644 prog.org.out
 delete mode 100644 prog.out
 delete mode 100644 total.out
[master 9b16b6d] 0 of 12
 7 files changed, 16 insertions(+), 2 deletions(-)
 create mode 100644 diff.out
 create mode 100644 prog.org.out
 create mode 100644 prog.out
 create mode 100644 total.out
[master 0077409] Make IRCServer
 7 files changed, 32 insertions(+), 12 deletions(-)
 rewrite HashTableVoidTest (81%)
 delete mode 100644 diff.out
 delete mode 100644 prog.org.out
 delete mode 100644 prog.out
 delete mode 100644 total.out
[master 4483b78] Make IRCServer
 1 file changed, 7 insertions(+)
[master 483fb2e] 8 of 12
 7 files changed, 12 insertions(+), 4 deletions(-)
 create mode 100644 diff.out
 create mode 100644 prog.org.out
 create mode 100644 prog.out
 create mode 100644 total.out
[master b508998] Make IRCServer
 9 files changed, 24 insertions(+), 5 deletions(-)
 create mode 100644 .HashTableVoid.h.swp
 delete mode 100644 diff.out
 delete mode 100644 prog.org.out
 delete mode 100644 prog.out
 delete mode 100644 total.out
[master ac3b59b] 8 of 12
 6 files changed, 13 insertions(+)
 create mode 100644 diff.out
 create mode 100644 prog.org.out
 create mode 100644 prog.out
 create mode 100644 total.out
[master 34dd308] Make IRCServer
 8 files changed, 8 insertions(+), 5 deletions(-)
 rewrite HashTableVoidTest (78%)
 delete mode 100644 diff.out
 delete mode 100644 prog.org.out
 delete mode 100644 prog.out
 delete mode 100644 total.out
[master c813600] 8 of 12
 6 files changed, 13 insertions(+)
 create mode 100644 diff.out
 create mode 100644 prog.org.out
 create mode 100644 prog.out
 create mode 100644 total.out
[master d6a3b15] Make IRCServer
 8 files changed, 12 insertions(+), 10 deletions(-)
 rename .HashTableVoid.h.swp => .Makefile.swp (85%)
 rewrite HashTableVoidTest (73%)
 delete mode 100644 diff.out
 delete mode 100644 prog.org.out
 delete mode 100644 prog.out
 delete mode 100644 total.out
[master 78d97d3] 8 of 12
 6 files changed, 14 insertions(+)
 create mode 100644 diff.out
 create mode 100644 prog.org.out
 create mode 100644 prog.out
 create mode 100644 total.out
[master 1b5a07f] Make IRCServer
 7 files changed, 9 insertions(+), 7 deletions(-)
 rewrite HashTableVoidTest (68%)
 delete mode 100644 diff.out
 delete mode 100644 prog.org.out
 delete mode 100644 prog.out
 delete mode 100644 total.out
[master 8285be6] 8 of 12
 6 files changed, 13 insertions(+)
 create mode 100644 diff.out
 create mode 100644 prog.org.out
 create mode 100644 prog.out
 create mode 100644 total.out
[master b265a3c] Make IRCServer
 8 files changed, 7 insertions(+), 5 deletions(-)
 create mode 100644 .HashTableVoidTest.cc.swp
 delete mode 100644 diff.out
 delete mode 100644 prog.org.out
 delete mode 100644 prog.out
 delete mode 100644 total.out
[master f4f9724] 8 of 12
 6 files changed, 13 insertions(+)
 create mode 100644 diff.out
 create mode 100644 prog.org.out
 create mode 100644 prog.out
 create mode 100644 total.out
[master a8ebda9] Make IRCServer
 7 files changed, 7 insertions(+), 5 deletions(-)
 delete mode 100644 diff.out
 delete mode 100644 prog.org.out
 delete mode 100644 prog.out
 delete mode 100644 total.out
[master 6044945] 8 of 12
 6 files changed, 12 insertions(+)
 create mode 100644 diff.out
 create mode 100644 prog.org.out
 create mode 100644 prog.out
 create mode 100644 total.out
[master b63e433] Make IRCServer
 9 files changed, 9 insertions(+), 6 deletions(-)
 delete mode 100644 .Makefile.swp
 delete mode 100644 diff.out
 delete mode 100644 prog.org.out
 delete mode 100644 prog.out
 delete mode 100644 total.out
[master 5336b4e] 8 of 12
 6 files changed, 13 insertions(+)
 create mode 100644 diff.out
 create mode 100644 prog.org.out
 create mode 100644 prog.out
 create mode 100644 total.out
[master 073d650] Make IRCServer
 7 files changed, 10 insertions(+), 8 deletions(-)
 delete mode 100644 diff.out
 delete mode 100644 prog.org.out
 delete mode 100644 prog.out
 delete mode 100644 total.out
[master cd02867] 8 of 12
 6 files changed, 12 insertions(+)
 create mode 100644 diff.out
 create mode 100644 prog.org.out
 create mode 100644 prog.out
 create mode 100644 total.out
[master df80299] Make IRCServer
 7 files changed, 11 insertions(+), 6 deletions(-)
 delete mode 100644 diff.out
 delete mode 100644 prog.org.out
 delete mode 100644 prog.out
 delete mode 100644 total.out
[master 8311c27] Make IRCServer
 4 files changed, 7 insertions(+), 4 deletions(-)
[master ef92996] Make IRCServer
 3 files changed, 4 insertions(+)
[master def291a] Make IRCServer
 3 files changed, 3 insertions(+), 1 deletion(-)
 create mode 100644 .HashTableVoid.cc.swp
[master 04f9f1b] Make IRCServer
 3 files changed, 5 insertions(+), 2 deletions(-)
[master 63681ff] Make IRCServer
 3 files changed, 3 insertions(+)
[master 76e52a0] Make IRCServer
 3 files changed, 4 insertions(+), 2 deletions(-)
[master 95efb28] Make IRCServer
 4 files changed, 13 insertions(+), 2 deletions(-)
 rename .HashTableVoid.cc.swp => .HashTableVoid.cc.swo (100%)
[master c17e6aa] 8 of 12
 7 files changed, 12 insertions(+)
 create mode 100644 diff.out
 create mode 100644 prog.org.out
 create mode 100644 prog.out
 create mode 100644 total.out
[master 0e46f2b] Make IRCServer
 7 files changed, 10 insertions(+), 13 deletions(-)
 delete mode 100644 diff.out
 delete mode 100644 prog.org.out
 delete mode 100644 prog.out
 delete mode 100644 total.out
[master 99241cc] 8 of 12
 6 files changed, 12 insertions(+)
 create mode 100644 diff.out
 create mode 100644 prog.org.out
 create mode 100644 prog.out
 create mode 100644 total.out
[master 42790b8] Make IRCServer
 9 files changed, 33 insertions(+), 22 deletions(-)
 delete mode 100644 .HashTableVoidTest.cc.swp
 delete mode 100644 diff.out
 delete mode 100644 prog.org.out
 delete mode 100644 prog.out
 delete mode 100644 total.out
[master 3fa3f57] 8 of 12
 6 files changed, 13 insertions(+)
 create mode 100644 diff.out
 create mode 100644 prog.org.out
 create mode 100644 prog.out
 create mode 100644 total.out
[master 25c62ac] Make IRCServer
 7 files changed, 8 insertions(+), 6 deletions(-)
 rewrite HashTableVoidTest (78%)
 delete mode 100644 diff.out
 delete mode 100644 prog.org.out
 delete mode 100644 prog.out
 delete mode 100644 total.out
[master f604212] 8 of 12
 6 files changed, 13 insertions(+)
 create mode 100644 diff.out
 create mode 100644 prog.org.out
 create mode 100644 prog.out
 create mode 100644 total.out
[master 4df652b] Make IRCServer
 9 files changed, 35 insertions(+), 27 deletions(-)
 create mode 100755 .nfs0000000000f11b6f00000a00
 rewrite HashTableVoidTest (74%)
 delete mode 100644 diff.out
 delete mode 100644 prog.org.out
 delete mode 100644 prog.out
 delete mode 100644 total.out
[master 0638d25] 8 of 12
 6 files changed, 14 insertions(+)
 create mode 100644 diff.out
 create mode 100644 prog.org.out
 create mode 100644 prog.out
 create mode 100644 total.out
[master fcb6b26] Make IRCServer
 9 files changed, 22 insertions(+), 11 deletions(-)
 create mode 100755 .nfs0000000000f11b7100000a01
 delete mode 100644 diff.out
 delete mode 100644 prog.org.out
 delete mode 100644 prog.out
 delete mode 100644 total.out
[master 2388862] 8 of 12
 6 files changed, 13 insertions(+)
 create mode 100644 diff.out
 create mode 100644 prog.org.out
 create mode 100644 prog.out
 create mode 100644 total.out
[master 2aae173] Make IRCServer
 7 files changed, 8 insertions(+), 6 deletions(-)
 delete mode 100644 diff.out
 delete mode 100644 prog.org.out
 delete mode 100644 prog.out
 delete mode 100644 total.out
[master aadc3f9] 8 of 12
 6 files changed, 12 insertions(+)
 create mode 100644 diff.out
 create mode 100644 prog.org.out
 create mode 100644 prog.out
 create mode 100644 total.out
[master 97a056f] Make IRCServer
 7 files changed, 9 insertions(+), 11 deletions(-)
 delete mode 100644 diff.out
 delete mode 100644 prog.org.out
 delete mode 100644 prog.out
 delete mode 100644 total.out
[master 2b3e9c2] 8 of 12
 6 files changed, 12 insertions(+)
 create mode 100644 diff.out
 create mode 100644 prog.org.out
 create mode 100644 prog.out
 create mode 100644 total.out
[master e065721] Make IRCServer
 7 files changed, 8 insertions(+), 8 deletions(-)
 delete mode 100644 diff.out
 delete mode 100644 prog.org.out
 delete mode 100644 prog.out
 delete mode 100644 total.out
[master 47987da] 8 of 12
 6 files changed, 12 insertions(+)
 create mode 100644 diff.out
 create mode 100644 prog.org.out
 create mode 100644 prog.out
 create mode 100644 total.out
[master 72f95c9] Make IRCServer
 7 files changed, 7 insertions(+), 5 deletions(-)
 delete mode 100644 diff.out
 delete mode 100644 prog.org.out
 delete mode 100644 prog.out
 delete mode 100644 total.out
[master 227c454] 10 of 12
 7 files changed, 13 insertions(+), 1 deletion(-)
 create mode 100644 diff.out
 create mode 100644 prog.org.out
 create mode 100644 prog.out
 create mode 100644 total.out
[master f7bb8f9] Make IRCServer
 7 files changed, 7 insertions(+), 5 deletions(-)
 delete mode 100644 diff.out
 delete mode 100644 prog.org.out
 delete mode 100644 prog.out
 delete mode 100644 total.out
[master 23d2cfe] 12 of 12
 7 files changed, 13 insertions(+), 1 deletion(-)
 create mode 100644 diff.out
 create mode 100644 prog.org.out
 create mode 100644 prog.out
 create mode 100644 total.out
[master 2e4540b] Make IRCServer
 9 files changed, 11 insertions(+), 7 deletions(-)
 delete mode 100755 .nfs0000000000f11b6f00000a00
 delete mode 100755 .nfs0000000000f11b7100000a01
 delete mode 100644 diff.out
 delete mode 100644 prog.org.out
 delete mode 100644 prog.out
 delete mode 100644 total.out
[master b21b017] 12 of 12
 6 files changed, 14 insertions(+)
 create mode 100644 diff.out
 create mode 100644 prog.org.out
 create mode 100644 prog.out
 create mode 100644 total.out
[master 046b4e0] Make IRCServer
 6 files changed, 8 insertions(+), 6 deletions(-)
 delete mode 100644 diff.out
 delete mode 100644 prog.org.out
 delete mode 100644 prog.out
 delete mode 100644 total.out
[master 5ca60c1] 12 of 12
 6 files changed, 12 insertions(+)
 create mode 100644 diff.out
 create mode 100644 prog.org.out
 create mode 100644 prog.out
 create mode 100644 total.out
[master 06917b8] Make IRCServer
 7 files changed, 8 insertions(+), 6 deletions(-)
 rewrite HashTableVoidTest (62%)
 delete mode 100644 diff.out
 delete mode 100644 prog.org.out
 delete mode 100644 prog.out
 delete mode 100644 total.out
[master 67d1fdd] 12 of 12
 6 files changed, 13 insertions(+)
 create mode 100644 diff.out
 create mode 100644 prog.org.out
 create mode 100644 prog.out
 create mode 100644 total.out
[master e90615f] Make IRCServer
 7 files changed, 8 insertions(+), 6 deletions(-)
 delete mode 100644 diff.out
 delete mode 100644 prog.org.out
 delete mode 100644 prog.out
 delete mode 100644 total.out
[master f0957bc] 12 of 12
 6 files changed, 12 insertions(+)
 create mode 100644 diff.out
 create mode 100644 prog.org.out
 create mode 100644 prog.out
 create mode 100644 total.out
[master 36e1974] Make IRCServer
 5 files changed, 12 insertions(+), 1 deletion(-)
 create mode 100644 .IRCServer.cc.swp
[master 4f2240b] Make IRCServer
 4 files changed, 64 insertions(+), 30 deletions(-)
 delete mode 100644 .IRCServer.cc.swp
 rewrite IRCServer (87%)
[master 5d77798] Make IRCServer
 5 files changed, 43 insertions(+), 8 deletions(-)
 create mode 100644 .IRCServer.cc.swp
 rewrite IRCServer (88%)
[master ea2fc55] Make IRCServer
 4 files changed, 14 insertions(+), 10 deletions(-)
 rewrite IRCServer (88%)
[master 7c7ae4b] Make IRCServer
 3 files changed, 11 insertions(+), 7 deletions(-)
 rewrite IRCServer (73%)
[master 58bcc2c] Make IRCServer
 3 files changed, 8 insertions(+), 5 deletions(-)
 rewrite IRCServer (72%)
[master b92babf] Make IRCServer
 3 files changed, 19 insertions(+), 15 deletions(-)
[master c8094d7] Make IRCServer
 3 files changed, 42 insertions(+), 44 deletions(-)
 rewrite IRCServer (66%)
[master d8454c9] Make IRCServer
 3 files changed, 5 insertions(+)
 rewrite IRCServer (71%)
[master a450628] Make IRCServer
 3 files changed, 4 insertions(+)
[master f34c52c] Make IRCServer
 3 files changed, 3 insertions(+)
[master 50b9974] Make IRCServer
 3 files changed, 3 insertions(+), 1 deletion(-)
 rewrite IRCServer (71%)
[master 9782dbf] Make IRCServer
 3 files changed, 6 insertions(+), 3 deletions(-)
[master 3c8a633] Make IRCServer
 3 files changed, 6 insertions(+), 1 deletion(-)
[master 3c89f75] Make IRCServer
 3 files changed, 17 insertions(+), 24 deletions(-)
 rewrite IRCServer (78%)
[master 762c856] Make IRCServer
 2 files changed, 4 insertions(+), 1 deletion(-)
[master 80a71f5] Make IRCServer
 7 files changed, 15 insertions(+), 44 deletions(-)
 delete mode 100644 diff.out
 delete mode 100644 prog.org.out
 delete mode 100644 prog.out
 delete mode 100644 total.out
[master 6a2dbbb] Make IRCServer
 7 files changed, 61 insertions(+), 9 deletions(-)
 create mode 100644 .IRCServer.cc.swo
 delete mode 100644 .IRCServer.cc.swp
 rewrite IRCServer (87%)
 create mode 100644 userpass.txt
[master 19cb04f] Make IRCServer
 5 files changed, 20 insertions(+), 12 deletions(-)
 create mode 100755 .nfs0000000000f140e0000010bf
 create mode 100644 .nfs0000000000f15a33000010be
[master 429c0d0] Make IRCServer
 5 files changed, 6 insertions(+), 2 deletions(-)
 delete mode 100755 .nfs0000000000f140e0000010bf
 delete mode 100644 .nfs0000000000f15a33000010be
 rewrite IRCServer (75%)
[master 5be2dd4] Make IRCServer
 3 files changed, 7 insertions(+), 2 deletions(-)
[master d8022a2] Make IRCServer
 3 files changed, 3 insertions(+), 1 deletion(-)
[master f4a002f] Make IRCServer
 3 files changed, 5 insertions(+), 1 deletion(-)
[master 3bbf636] Make IRCServer
 3 files changed, 5 insertions(+)
[master 349bc0b] Make IRCServer
 3 files changed, 4 insertions(+), 5 deletions(-)
[master 6fc7313] Make IRCServer
 3 files changed, 34 insertions(+), 31 deletions(-)
[master c479050] Make IRCServer
 3 files changed, 7 insertions(+), 2 deletions(-)
[master 47e2a7d] Make IRCServer
 3 files changed, 3 insertions(+)
[master 3b158d4] Make IRCServer
 3 files changed, 11 insertions(+), 6 deletions(-)
[master 231d52d] Make IRCServer
 3 files changed, 3 insertions(+), 1 deletion(-)
[master 29034b4] Make IRCServer
 3 files changed, 14 insertions(+), 11 deletions(-)
 rewrite IRCServer (64%)
[master 648c190] Make IRCServer
 4 files changed, 7 insertions(+), 4 deletions(-)
 create mode 100644 .userpass.txt.swp
 rewrite IRCServer (61%)
[master de5abce] Make IRCServer
 4 files changed, 8 insertions(+), 4 deletions(-)
 delete mode 100644 .userpass.txt.swp
 rewrite IRCServer (60%)
[master fcee73d] Make IRCServer
 3 files changed, 7 insertions(+), 1 deletion(-)
[master 45e31e2] Make IRCServer
 5 files changed, 120 insertions(+), 63 deletions(-)
 rewrite IRCServer (79%)
 rewrite IRCServer.h (81%)
[master 7003413] Make IRCServer
 5 files changed, 22 insertions(+), 5 deletions(-)
 create mode 100644 .IRCServer.h.swp
[master f90692b] Make IRCServer
 3 files changed, 4 insertions(+), 1 deletion(-)
[master 9c9e6b5] Make IRCServer
 5 files changed, 14 insertions(+), 19 deletions(-)
 delete mode 100644 .IRCServer.h.swp
[master 884bd7a] Make IRCServer
 4 files changed, 17 insertions(+), 1 deletion(-)
[master 0453dc2] Make IRCServer
 3 files changed, 3 insertions(+)
