Start Test 2
Add Users
ADD-USER superman clarkkent
response:
DENIED

ADD-USER spiderman peterpark
response:
DENIED

ADD-USER aquaman xyz
response:
DENIED

ADD-USER mary poppins
response:
DENIED

Create Room
CREATE-ROOM superman clarkkent java-programming
response:
OK, ROOM CREATED

Enter room
ENTER-ROOM superman clarkkent java-programming
response:
ROOM ENTERED

ENTER-ROOM aquaman xyz java-programming
response:
ROOM ENTERED

Print users in room
GET-USERS-IN-ROOM superman clarkkent java-programming
response:
NO USERS IN THIS ROOM
USERS IN ROOM: 

Killing Server
